This file contains any messages produced by compilers while
running configure, to aid debugging if configure makes a mistake.

It was created by configure, which was
generated by GNU Autoconf 2.59.  Invocation command line was

  $ ./configure 

## --------- ##
## Platform. ##
## --------- ##

hostname = MacBook-Pro-de-Wesley.local
uname -m = x86_64
uname -r = 13.4.0
uname -s = Darwin
uname -v = Darwin Kernel Version 13.4.0: Sun Aug 17 19:50:11 PDT 2014; root:xnu-2422.115.4~1/RELEASE_X86_64

/usr/bin/uname -p = i386
/bin/uname -X     = unknown

/bin/arch              = unknown
/usr/bin/arch -k       = unknown
/usr/convex/getsysinfo = unknown
hostinfo               = Mach kernel version:
	 Darwin Kernel Version 13.4.0: Sun Aug 17 19:50:11 PDT 2014; root:xnu-2422.115.4~1/RELEASE_X86_64
Kernel configured for up to 8 processors.
4 processors are physically available.
8 processors are logically available.
Processor type: i486 (Intel 80486)
Processors active: 0 1 2 3 4 5 6 7
Primary memory available: 16.00 gigabytes
Default processor set: 254 tasks, 1471 threads, 8 processors
Load average: 1.67, Mach factor: 6.37
/bin/machine           = unknown
/usr/bin/oslevel       = unknown
/bin/universe          = unknown

PATH: /usr/bin
PATH: /bin
PATH: /usr/sbin
PATH: /sbin
PATH: /usr/local/bin


## ----------- ##
## Core tests. ##
## ----------- ##

configure:1543: checking for a BSD-compatible install
configure:1598: result: /usr/bin/install -c
configure:1609: checking whether build environment is sane
configure:1652: result: yes
configure:1717: checking for gawk
configure:1746: result: no
configure:1717: checking for mawk
configure:1746: result: no
configure:1717: checking for nawk
configure:1746: result: no
configure:1717: checking for awk
configure:1733: found /usr/bin/awk
configure:1743: result: awk
configure:1753: checking whether make sets $(MAKE)
configure:1773: result: yes
configure:1942: checking whether to enable maintainer-specific portions of Makefiles
configure:1951: result: no
configure:2019: checking for g++
configure:2035: found /usr/bin/g++
configure:2045: result: g++
configure:2061: checking for C++ compiler version
configure:2064: g++ --version </dev/null >&5
Configured with: --prefix=/Applications/Xcode.app/Contents/Developer/usr --with-gxx-include-dir=/usr/include/c++/4.2.1
Apple LLVM version 6.0 (clang-600.0.51) (based on LLVM 3.5svn)
Target: x86_64-apple-darwin13.4.0
Thread model: posix
configure:2067: $? = 0
configure:2069: g++ -v </dev/null >&5
Configured with: --prefix=/Applications/Xcode.app/Contents/Developer/usr --with-gxx-include-dir=/usr/include/c++/4.2.1
Apple LLVM version 6.0 (clang-600.0.51) (based on LLVM 3.5svn)
Target: x86_64-apple-darwin13.4.0
Thread model: posix
configure:2072: $? = 0
configure:2074: g++ -V </dev/null >&5
clang: error: argument to '-V' is missing (expected 1 value)
clang: error: no input files
configure:2077: $? = 1
configure:2100: checking for C++ compiler default output file name
configure:2103: g++    conftest.cc  >&5
configure:2106: $? = 0
configure:2152: result: a.out
configure:2157: checking whether the C++ compiler works
configure:2163: ./a.out
configure:2166: $? = 0
configure:2183: result: yes
configure:2190: checking whether we are cross compiling
configure:2192: result: no
configure:2195: checking for suffix of executables
configure:2197: g++ -o conftest    conftest.cc  >&5
configure:2200: $? = 0
configure:2225: result: 
configure:2231: checking for suffix of object files
configure:2252: g++ -c   conftest.cc >&5
configure:2255: $? = 0
configure:2277: result: o
configure:2281: checking whether we are using the GNU C++ compiler
configure:2305: g++ -c   conftest.cc >&5
configure:2311: $? = 0
configure:2315: test -z 
			 || test ! -s conftest.err
configure:2318: $? = 0
configure:2321: test -s conftest.o
configure:2324: $? = 0
configure:2337: result: yes
configure:2343: checking whether g++ accepts -g
configure:2364: g++ -c -g  conftest.cc >&5
configure:2370: $? = 0
configure:2374: test -z 
			 || test ! -s conftest.err
configure:2377: $? = 0
configure:2380: test -s conftest.o
configure:2383: $? = 0
configure:2394: result: yes
configure:2436: g++ -c -g -O2  conftest.cc >&5
configure:2442: $? = 0
configure:2446: test -z 
			 || test ! -s conftest.err
configure:2449: $? = 0
configure:2452: test -s conftest.o
configure:2455: $? = 0
configure:2481: g++ -c -g -O2  conftest.cc >&5
conftest.cc:15:1: error: use of undeclared identifier 'exit'
exit (42);
^
1 error generated.
configure:2487: $? = 1
configure: failed program was:
| /* confdefs.h.  */
| 
| #define PACKAGE_NAME ""
| #define PACKAGE_TARNAME ""
| #define PACKAGE_VERSION ""
| #define PACKAGE_STRING ""
| #define PACKAGE_BUGREPORT ""
| #define PACKAGE "libserial"
| #define VERSION "0.5.2"
| /* end confdefs.h.  */
| 
| int
| main ()
| {
| exit (42);
|   ;
|   return 0;
| }
configure:2436: g++ -c -g -O2  conftest.cc >&5
conftest.cc:11:17: error: use of undeclared identifier 'std'
extern "C" void std::exit (int) throw (); using std::exit;
                ^
conftest.cc:11:49: error: use of undeclared identifier 'std'
extern "C" void std::exit (int) throw (); using std::exit;
                                                ^
2 errors generated.
configure:2442: $? = 1
configure: failed program was:
| /* confdefs.h.  */
| 
| #define PACKAGE_NAME ""
| #define PACKAGE_TARNAME ""
| #define PACKAGE_VERSION ""
| #define PACKAGE_STRING ""
| #define PACKAGE_BUGREPORT ""
| #define PACKAGE "libserial"
| #define VERSION "0.5.2"
| /* end confdefs.h.  */
| extern "C" void std::exit (int) throw (); using std::exit;
| #include <stdlib.h>
| int
| main ()
| {
| exit (42);
|   ;
|   return 0;
| }
configure:2436: g++ -c -g -O2  conftest.cc >&5
conftest.cc:11:17: error: use of undeclared identifier 'std'
extern "C" void std::exit (int); using std::exit;
                ^
conftest.cc:11:40: error: use of undeclared identifier 'std'
extern "C" void std::exit (int); using std::exit;
                                       ^
2 errors generated.
configure:2442: $? = 1
configure: failed program was:
| /* confdefs.h.  */
| 
| #define PACKAGE_NAME ""
| #define PACKAGE_TARNAME ""
| #define PACKAGE_VERSION ""
| #define PACKAGE_STRING ""
| #define PACKAGE_BUGREPORT ""
| #define PACKAGE "libserial"
| #define VERSION "0.5.2"
| /* end confdefs.h.  */
| extern "C" void std::exit (int); using std::exit;
| #include <stdlib.h>
| int
| main ()
| {
| exit (42);
|   ;
|   return 0;
| }
configure:2436: g++ -c -g -O2  conftest.cc >&5
configure:2442: $? = 0
configure:2446: test -z 
			 || test ! -s conftest.err
configure:2449: $? = 0
configure:2452: test -s conftest.o
configure:2455: $? = 0
configure:2481: g++ -c -g -O2  conftest.cc >&5
configure:2487: $? = 0
configure:2491: test -z 
			 || test ! -s conftest.err
configure:2494: $? = 0
configure:2497: test -s conftest.o
configure:2500: $? = 0
configure:2534: checking for style of include used by make
configure:2562: result: GNU
configure:2590: checking dependency style of g++
configure:2680: result: gcc3
configure:2701: checking for gawk
configure:2727: result: awk
configure:2783: checking for gcc
configure:2799: found /usr/bin/gcc
configure:2809: result: gcc
configure:3053: checking for C compiler version
configure:3056: gcc --version </dev/null >&5
Configured with: --prefix=/Applications/Xcode.app/Contents/Developer/usr --with-gxx-include-dir=/usr/include/c++/4.2.1
Apple LLVM version 6.0 (clang-600.0.51) (based on LLVM 3.5svn)
Target: x86_64-apple-darwin13.4.0
Thread model: posix
configure:3059: $? = 0
configure:3061: gcc -v </dev/null >&5
Configured with: --prefix=/Applications/Xcode.app/Contents/Developer/usr --with-gxx-include-dir=/usr/include/c++/4.2.1
Apple LLVM version 6.0 (clang-600.0.51) (based on LLVM 3.5svn)
Target: x86_64-apple-darwin13.4.0
Thread model: posix
configure:3064: $? = 0
configure:3066: gcc -V </dev/null >&5
clang: error: argument to '-V' is missing (expected 1 value)
clang: error: no input files
configure:3069: $? = 1
configure:3072: checking whether we are using the GNU C compiler
configure:3096: gcc -c -arch x86_64  conftest.c >&5
configure:3102: $? = 0
configure:3106: test -z 
			 || test ! -s conftest.err
configure:3109: $? = 0
configure:3112: test -s conftest.o
configure:3115: $? = 0
configure:3128: result: yes
configure:3134: checking whether gcc accepts -g
configure:3155: gcc -c -g  conftest.c >&5
configure:3161: $? = 0
configure:3165: test -z 
			 || test ! -s conftest.err
configure:3168: $? = 0
configure:3171: test -s conftest.o
configure:3174: $? = 0
configure:3185: result: yes
configure:3202: checking for gcc option to accept ANSI C
configure:3272: gcc  -c -arch x86_64  conftest.c >&5
configure:3278: $? = 0
configure:3282: test -z 
			 || test ! -s conftest.err
configure:3285: $? = 0
configure:3288: test -s conftest.o
configure:3291: $? = 0
configure:3309: result: none needed
configure:3327: gcc -c -arch x86_64  conftest.c >&5
conftest.c:2:3: error: unknown type name 'choke'
  choke me
  ^
conftest.c:2:11: error: expected ';' after top level declarator
  choke me
          ^
          ;
2 errors generated.
configure:3333: $? = 1
configure: failed program was:
| #ifndef __cplusplus
|   choke me
| #endif
configure:3468: checking dependency style of gcc
configure:3558: result: gcc3
configure:3588: checking for a BSD-compatible install
configure:3643: result: /usr/bin/install -c
configure:3654: checking whether ln -s works
configure:3658: result: yes
configure:3665: checking whether make sets $(MAKE)
configure:3685: result: yes
configure:3772: checking build system type
configure:3790: result: i386-apple-darwin13.4.0
configure:3798: checking host system type
configure:3812: result: i386-apple-darwin13.4.0
configure:3820: checking for a sed that does not truncate output
configure:3874: result: /usr/bin/sed
configure:3877: checking for egrep
configure:3887: result: grep -E
configure:3903: checking for ld used by gcc
configure:3970: result: /Applications/Xcode.app/Contents/Developer/Toolchains/XcodeDefault.xctoolchain/usr/bin/ld
configure:3979: checking if the linker (/Applications/Xcode.app/Contents/Developer/Toolchains/XcodeDefault.xctoolchain/usr/bin/ld) is GNU ld
configure:3994: result: no
configure:3999: checking for /Applications/Xcode.app/Contents/Developer/Toolchains/XcodeDefault.xctoolchain/usr/bin/ld option to reload object files
configure:4006: result: -r
configure:4024: checking for BSD-compatible nm
configure:4073: result: /usr/bin/nm
configure:4077: checking how to recognise dependent libraries
configure:4253: result: pass_all
configure:4490: checking how to run the C preprocessor
configure:4525: gcc -E  conftest.c
configure:4531: $? = 0
configure:4563: gcc -E  conftest.c
conftest.c:14:10: fatal error: 'ac_nonexistent.h' file not found
#include <ac_nonexistent.h>
         ^
1 error generated.
configure:4569: $? = 1
configure: failed program was:
| /* confdefs.h.  */
| 
| #define PACKAGE_NAME ""
| #define PACKAGE_TARNAME ""
| #define PACKAGE_VERSION ""
| #define PACKAGE_STRING ""
| #define PACKAGE_BUGREPORT ""
| #define PACKAGE "libserial"
| #define VERSION "0.5.2"
| #ifdef __cplusplus
| extern "C" void exit (int) throw ();
| #endif
| /* end confdefs.h.  */
| #include <ac_nonexistent.h>
configure:4608: result: gcc -E
configure:4632: gcc -E  conftest.c
configure:4638: $? = 0
configure:4670: gcc -E  conftest.c
conftest.c:14:10: fatal error: 'ac_nonexistent.h' file not found
#include <ac_nonexistent.h>
         ^
1 error generated.
configure:4676: $? = 1
configure: failed program was:
| /* confdefs.h.  */
| 
| #define PACKAGE_NAME ""
| #define PACKAGE_TARNAME ""
| #define PACKAGE_VERSION ""
| #define PACKAGE_STRING ""
| #define PACKAGE_BUGREPORT ""
| #define PACKAGE "libserial"
| #define VERSION "0.5.2"
| #ifdef __cplusplus
| extern "C" void exit (int) throw ();
| #endif
| /* end confdefs.h.  */
| #include <ac_nonexistent.h>
configure:4720: checking for ANSI C header files
configure:4745: gcc -c -arch x86_64  conftest.c >&5
configure:4751: $? = 0
configure:4755: test -z 
			 || test ! -s conftest.err
configure:4758: $? = 0
configure:4761: test -s conftest.o
configure:4764: $? = 0
configure:4853: gcc -o conftest -arch x86_64   conftest.c  >&5
conftest.c:31:7: warning: implicitly declaring library function 'exit' with type 'void (int) __attribute__((noreturn))'
      exit(2);
      ^
conftest.c:31:7: note: please include the header <stdlib.h> or explicitly provide a declaration for 'exit'
1 warning generated.
configure:4856: $? = 0
configure:4858: ./conftest
configure:4861: $? = 0
configure:4876: result: yes
configure:4900: checking for sys/types.h
configure:4916: gcc -c -arch x86_64  conftest.c >&5
configure:4922: $? = 0
configure:4926: test -z 
			 || test ! -s conftest.err
configure:4929: $? = 0
configure:4932: test -s conftest.o
configure:4935: $? = 0
configure:4946: result: yes
configure:4900: checking for sys/stat.h
configure:4916: gcc -c -arch x86_64  conftest.c >&5
configure:4922: $? = 0
configure:4926: test -z 
			 || test ! -s conftest.err
configure:4929: $? = 0
configure:4932: test -s conftest.o
configure:4935: $? = 0
configure:4946: result: yes
configure:4900: checking for stdlib.h
configure:4916: gcc -c -arch x86_64  conftest.c >&5
configure:4922: $? = 0
configure:4926: test -z 
			 || test ! -s conftest.err
configure:4929: $? = 0
configure:4932: test -s conftest.o
configure:4935: $? = 0
configure:4946: result: yes
configure:4900: checking for string.h
configure:4916: gcc -c -arch x86_64  conftest.c >&5
configure:4922: $? = 0
configure:4926: test -z 
			 || test ! -s conftest.err
configure:4929: $? = 0
configure:4932: test -s conftest.o
configure:4935: $? = 0
configure:4946: result: yes
configure:4900: checking for memory.h
configure:4916: gcc -c -arch x86_64  conftest.c >&5
configure:4922: $? = 0
configure:4926: test -z 
			 || test ! -s conftest.err
configure:4929: $? = 0
configure:4932: test -s conftest.o
configure:4935: $? = 0
configure:4946: result: yes
configure:4900: checking for strings.h
configure:4916: gcc -c -arch x86_64  conftest.c >&5
configure:4922: $? = 0
configure:4926: test -z 
			 || test ! -s conftest.err
configure:4929: $? = 0
configure:4932: test -s conftest.o
configure:4935: $? = 0
configure:4946: result: yes
configure:4900: checking for inttypes.h
configure:4916: gcc -c -arch x86_64  conftest.c >&5
configure:4922: $? = 0
configure:4926: test -z 
			 || test ! -s conftest.err
configure:4929: $? = 0
configure:4932: test -s conftest.o
configure:4935: $? = 0
configure:4946: result: yes
configure:4900: checking for stdint.h
configure:4916: gcc -c -arch x86_64  conftest.c >&5
configure:4922: $? = 0
configure:4926: test -z 
			 || test ! -s conftest.err
configure:4929: $? = 0
configure:4932: test -s conftest.o
configure:4935: $? = 0
configure:4946: result: yes
configure:4900: checking for unistd.h
configure:4916: gcc -c -arch x86_64  conftest.c >&5
configure:4922: $? = 0
configure:4926: test -z 
			 || test ! -s conftest.err
configure:4929: $? = 0
configure:4932: test -s conftest.o
configure:4935: $? = 0
configure:4946: result: yes
configure:4972: checking dlfcn.h usability
configure:4984: gcc -c -arch x86_64  conftest.c >&5
configure:4990: $? = 0
configure:4994: test -z 
			 || test ! -s conftest.err
configure:4997: $? = 0
configure:5000: test -s conftest.o
configure:5003: $? = 0
configure:5013: result: yes
configure:5017: checking dlfcn.h presence
configure:5027: gcc -E  conftest.c
configure:5033: $? = 0
configure:5053: result: yes
configure:5088: checking for dlfcn.h
configure:5095: result: yes
configure:5118: checking how to run the C++ preprocessor
configure:5149: g++ -E  conftest.cc
configure:5155: $? = 0
configure:5187: g++ -E  conftest.cc
conftest.cc:25:10: fatal error: 'ac_nonexistent.h' file not found
#include <ac_nonexistent.h>
         ^
1 error generated.
configure:5193: $? = 1
configure: failed program was:
| /* confdefs.h.  */
| 
| #define PACKAGE_NAME ""
| #define PACKAGE_TARNAME ""
| #define PACKAGE_VERSION ""
| #define PACKAGE_STRING ""
| #define PACKAGE_BUGREPORT ""
| #define PACKAGE "libserial"
| #define VERSION "0.5.2"
| #ifdef __cplusplus
| extern "C" void exit (int) throw ();
| #endif
| #define STDC_HEADERS 1
| #define HAVE_SYS_TYPES_H 1
| #define HAVE_SYS_STAT_H 1
| #define HAVE_STDLIB_H 1
| #define HAVE_STRING_H 1
| #define HAVE_MEMORY_H 1
| #define HAVE_STRINGS_H 1
| #define HAVE_INTTYPES_H 1
| #define HAVE_STDINT_H 1
| #define HAVE_UNISTD_H 1
| #define HAVE_DLFCN_H 1
| /* end confdefs.h.  */
| #include <ac_nonexistent.h>
configure:5232: result: g++ -E
configure:5256: g++ -E  conftest.cc
configure:5262: $? = 0
configure:5294: g++ -E  conftest.cc
conftest.cc:25:10: fatal error: 'ac_nonexistent.h' file not found
#include <ac_nonexistent.h>
         ^
1 error generated.
configure:5300: $? = 1
configure: failed program was:
| /* confdefs.h.  */
| 
| #define PACKAGE_NAME ""
| #define PACKAGE_TARNAME ""
| #define PACKAGE_VERSION ""
| #define PACKAGE_STRING ""
| #define PACKAGE_BUGREPORT ""
| #define PACKAGE "libserial"
| #define VERSION "0.5.2"
| #ifdef __cplusplus
| extern "C" void exit (int) throw ();
| #endif
| #define STDC_HEADERS 1
| #define HAVE_SYS_TYPES_H 1
| #define HAVE_SYS_STAT_H 1
| #define HAVE_STDLIB_H 1
| #define HAVE_STRING_H 1
| #define HAVE_MEMORY_H 1
| #define HAVE_STRINGS_H 1
| #define HAVE_INTTYPES_H 1
| #define HAVE_STDINT_H 1
| #define HAVE_UNISTD_H 1
| #define HAVE_DLFCN_H 1
| /* end confdefs.h.  */
| #include <ac_nonexistent.h>
configure:5397: checking for g77
configure:5426: result: no
configure:5397: checking for f77
configure:5426: result: no
configure:5397: checking for xlf
configure:5426: result: no
configure:5397: checking for frt
configure:5426: result: no
configure:5397: checking for pgf77
configure:5426: result: no
configure:5397: checking for fort77
configure:5426: result: no
configure:5397: checking for fl32
configure:5426: result: no
configure:5397: checking for af77
configure:5426: result: no
configure:5397: checking for f90
configure:5426: result: no
configure:5397: checking for xlf90
configure:5426: result: no
configure:5397: checking for pgf90
configure:5426: result: no
configure:5397: checking for epcf90
configure:5426: result: no
configure:5397: checking for f95
configure:5426: result: no
configure:5397: checking for fort
configure:5426: result: no
configure:5397: checking for xlf95
configure:5426: result: no
configure:5397: checking for ifc
configure:5426: result: no
configure:5397: checking for efc
configure:5426: result: no
configure:5397: checking for pgf95
configure:5426: result: no
configure:5397: checking for lf95
configure:5426: result: no
configure:5397: checking for gfortran
configure:5413: found /usr/local/bin/gfortran
configure:5423: result: gfortran
configure:5438: checking for Fortran 77 compiler version
configure:5441: gfortran --version </dev/null >&5
GNU Fortran (Homebrew gcc 4.9.1) 4.9.1
Copyright (C) 2014 Free Software Foundation, Inc.

GNU Fortran comes with NO WARRANTY, to the extent permitted by law.
You may redistribute copies of GNU Fortran
under the terms of the GNU General Public License.
For more information about these matters, see the file named COPYING

configure:5444: $? = 0
configure:5446: gfortran -v </dev/null >&5
Using built-in specs.
COLLECT_GCC=gfortran
COLLECT_LTO_WRAPPER=/usr/local/Cellar/gcc/4.9.1/libexec/gcc/x86_64-apple-darwin13.3.0/4.9.1/lto-wrapper
Target: x86_64-apple-darwin13.3.0
Configured with: ../configure --build=x86_64-apple-darwin13.3.0 --prefix=/usr/local/Cellar/gcc/4.9.1 --enable-languages=c,c++,objc,obj-c++,fortran --program-suffix=-4.9 --with-gmp=/usr/local/opt/gmp --with-mpfr=/usr/local/opt/mpfr --with-mpc=/usr/local/opt/libmpc --with-cloog=/usr/local/opt/cloog --with-isl=/usr/local/opt/isl --with-system-zlib --enable-version-specific-runtime-libs --enable-libstdcxx-time=yes --enable-stage1-checking --enable-checking=release --enable-lto --disable-werror --with-pkgversion='Homebrew gcc 4.9.1' --with-bugurl=https://github.com/Homebrew/homebrew/issues --enable-plugin --disable-nls --enable-multilib
Thread model: posix
gcc version 4.9.1 (Homebrew gcc 4.9.1) 
configure:5449: $? = 0
configure:5451: gfortran -V </dev/null >&5
gfortran: error: unrecognized command line option '-V'
gfortran: fatal error: no input files
compilation terminated.
configure:5454: $? = 1
configure:5462: checking whether we are using the GNU Fortran 77 compiler
configure:5476: gfortran -c  conftest.F >&5
dyld: Library not loaded: /usr/local/lib/libcloog-isl.4.dylib
  Referenced from: /usr/local/Cellar/gcc/4.9.1/libexec/gcc/x86_64-apple-darwin13.3.0/4.9.1/f951
  Reason: image not found
gfortran: internal compiler error: Trace/BPT trap: 5 (program f951)
./configure: line 5477: 71486 Abort trap: 6           $F77 -c $FFLAGS conftest.$ac_ext 1>&5
configure:5482: $? = 134
configure: failed program was:
|       program main
| #ifndef __GNUC__
|        choke me
| #endif
| 
|       end
configure:5508: result: no
configure:5514: checking whether gfortran accepts -g
configure:5526: gfortran -c -g conftest.f >&5
dyld: Library not loaded: /usr/local/lib/libcloog-isl.4.dylib
  Referenced from: /usr/local/Cellar/gcc/4.9.1/libexec/gcc/x86_64-apple-darwin13.3.0/4.9.1/f951
  Reason: image not found
gfortran: internal compiler error: Trace/BPT trap: 5 (program f951)
./configure: line 5527: 71499 Abort trap: 6           $F77 -c $FFLAGS conftest.$ac_ext 1>&5
configure:5532: $? = 134
configure: failed program was:
|       program main
| 
|       end
configure:5557: result: no
configure:5587: checking the maximum length of command line arguments
configure:5696: result: 196608
configure:5707: checking command to parse /usr/bin/nm output from gcc object
configure:5812: gcc -c -arch x86_64  conftest.c >&5
configure:5815: $? = 0
configure:5819: /usr/bin/nm conftest.o \| sed -n -e 's/^.*[ 	]\([BCDEGRST][BCDEGRST]*\)[ 	][ 	]*\([_A-Za-z][_A-Za-z0-9]*\)$/\1 \2 \2/p' \> conftest.nm
configure:5822: $? = 0
cannot find nm_test_var in conftest.nm
configure:5812: gcc -c -arch x86_64  conftest.c >&5
configure:5815: $? = 0
configure:5819: /usr/bin/nm conftest.o \| sed -n -e 's/^.*[ 	]\([BCDEGRST][BCDEGRST]*\)[ 	][ 	]*_\([_A-Za-z][_A-Za-z0-9]*\)$/\1 _\2 \2/p' \> conftest.nm
configure:5822: $? = 0
configure:5874: gcc -o conftest -arch x86_64   conftest.c conftstm.o >&5
configure:5877: $? = 0
configure:5915: result: ok
configure:5919: checking for objdir
configure:5934: result: .libs
configure:6024: checking for ar
configure:6040: found /usr/bin/ar
configure:6051: result: ar
configure:6104: checking for ranlib
configure:6120: found /usr/bin/ranlib
configure:6131: result: ranlib
configure:6184: checking for strip
configure:6200: found /usr/bin/strip
configure:6211: result: strip
configure:6434: checking for correct ltmain.sh version
configure:6484: result: yes
configure:6544: checking if gcc supports -fno-rtti -fno-exceptions
configure:6562: gcc -c -arch x86_64  -fno-rtti -fno-exceptions conftest.c >&5
configure:6566: $? = 0
configure:6579: result: yes
configure:6594: checking for gcc option to produce PIC
configure:6804: result: -fno-common
configure:6812: checking if gcc PIC flag -fno-common works
configure:6830: gcc -c -arch x86_64  -fno-common -DPIC conftest.c >&5
configure:6834: $? = 0
configure:6847: result: yes
configure:6875: checking if gcc static flag -static works
configure:6903: result: no
configure:6913: checking if gcc supports -c -o file.o
configure:6934: gcc -c -arch x86_64  -o out/conftest2.o conftest.c >&5
configure:6938: $? = 0
configure:6960: result: yes
configure:6986: checking whether the gcc linker (/Applications/Xcode.app/Contents/Developer/Toolchains/XcodeDefault.xctoolchain/usr/bin/ld) supports shared libraries
configure:7944: result: yes
configure:8011: checking dynamic linker characteristics
configure:8636: result: darwin13.4.0 dyld
configure:8645: checking how to hardcode library paths into programs
configure:8670: result: immediate
configure:8684: checking whether stripping libraries is possible
configure:8697: result: yes
configure:9523: checking if libtool supports shared libraries
configure:9525: result: yes
configure:9528: checking whether to build shared libraries
configure:9549: result: yes
configure:9552: checking whether to build static libraries
configure:9556: result: yes
configure:9648: creating libtool
configure:10236: checking for ld used by g++
configure:10303: result: /Applications/Xcode.app/Contents/Developer/Toolchains/XcodeDefault.xctoolchain/usr/bin/ld
configure:10312: checking if the linker (/Applications/Xcode.app/Contents/Developer/Toolchains/XcodeDefault.xctoolchain/usr/bin/ld) is GNU ld
configure:10327: result: no
configure:10378: checking whether the g++ linker (/Applications/Xcode.app/Contents/Developer/Toolchains/XcodeDefault.xctoolchain/usr/bin/ld) supports shared libraries
configure:11316: result: yes
configure:11334: g++ -c -g -O2  conftest.cpp >&5
configure:11337: $? = 0
configure:11456: checking for g++ option to produce PIC
configure:11730: result: -fno-common
configure:11738: checking if g++ PIC flag -fno-common works
configure:11756: g++ -c -g -O2  -fno-common -DPIC conftest.cpp >&5
configure:11760: $? = 0
configure:11773: result: yes
configure:11801: checking if g++ static flag -static works
configure:11829: result: no
configure:11839: checking if g++ supports -c -o file.o
configure:11860: g++ -c -g -O2  -o out/conftest2.o conftest.cpp >&5
configure:11864: $? = 0
configure:11886: result: yes
configure:11912: checking whether the g++ linker (/Applications/Xcode.app/Contents/Developer/Toolchains/XcodeDefault.xctoolchain/usr/bin/ld) supports shared libraries
configure:11937: result: yes
configure:12004: checking dynamic linker characteristics
configure:12629: result: darwin13.4.0 dyld
configure:12638: checking how to hardcode library paths into programs
configure:12663: result: immediate
configure:13189: checking if libtool supports shared libraries
configure:13191: result: yes
configure:13194: checking whether to build shared libraries
configure:13214: result: yes
configure:13217: checking whether to build static libraries
configure:13221: result: yes
configure:13231: checking for gfortran option to produce PIC
configure:13441: result: -fno-common
configure:13449: checking if gfortran PIC flag -fno-common works
configure:13467: gfortran -c  -fno-common conftest.f >&5
dyld: Library not loaded: /usr/local/lib/libcloog-isl.4.dylib
  Referenced from: /usr/local/Cellar/gcc/4.9.1/libexec/gcc/x86_64-apple-darwin13.3.0/4.9.1/f951
  Reason: image not found
gfortran: internal compiler error: Trace/BPT trap: 5 (program f951)
./configure: line 13468: 72221 Abort trap: 6           $F77 -c $FFLAGS $lt_compiler_flag conftest.$ac_ext 1>&5
configure:13471: $? = 134
configure:13484: result: no
configure:13512: checking if gfortran static flag -static works
configure:13540: result: no
configure:13550: checking if gfortran supports -c -o file.o
configure:13571: gfortran -c  -o out/conftest2.o conftest.f >&5
dyld: Library not loaded: /usr/local/lib/libcloog-isl.4.dylib
  Referenced from: /usr/local/Cellar/gcc/4.9.1/libexec/gcc/x86_64-apple-darwin13.3.0/4.9.1/f951
  Reason: image not found
gfortran: internal compiler error: Trace/BPT trap: 5 (program f951)
./configure: line 13572: 72238 Abort trap: 6           $F77 -c $FFLAGS $lt_compiler_flag conftest.$ac_ext 1>&5
configure:13575: $? = 134
configure:13597: result: no
configure:13623: checking whether the gfortran linker (/Applications/Xcode.app/Contents/Developer/Toolchains/XcodeDefault.xctoolchain/usr/bin/ld) supports shared libraries
configure:14561: result: yes
configure:14628: checking dynamic linker characteristics
configure:15253: result: darwin13.4.0 dyld
configure:15262: checking how to hardcode library paths into programs
configure:15287: result: immediate
configure:18903: checking fcntl.h usability
configure:18915: gcc -c -arch x86_64  conftest.c >&5
configure:18921: $? = 0
configure:18925: test -z 
			 || test ! -s conftest.err
configure:18928: $? = 0
configure:18931: test -s conftest.o
configure:18934: $? = 0
configure:18944: result: yes
configure:18948: checking fcntl.h presence
configure:18958: gcc -E  conftest.c
configure:18964: $? = 0
configure:18984: result: yes
configure:19019: checking for fcntl.h
configure:19026: result: yes
configure:18894: checking for unistd.h
configure:18899: result: yes
configure:19040: checking for an ANSI C-conforming const
configure:19107: gcc -c -arch x86_64  conftest.c >&5
configure:19113: $? = 0
configure:19117: test -z 
			 || test ! -s conftest.err
configure:19120: $? = 0
configure:19123: test -s conftest.o
configure:19126: $? = 0
configure:19137: result: yes
configure:19147: checking for inline
configure:19168: gcc -c -arch x86_64  conftest.c >&5
configure:19174: $? = 0
configure:19178: test -z 
			 || test ! -s conftest.err
configure:19181: $? = 0
configure:19184: test -s conftest.o
configure:19187: $? = 0
configure:19199: result: inline
configure:19344: creating ./config.status

## ---------------------- ##
## Running config.status. ##
## ---------------------- ##

This file was extended by config.status, which was
generated by GNU Autoconf 2.59.  Invocation command line was

  CONFIG_FILES    = 
  CONFIG_HEADERS  = 
  CONFIG_LINKS    = 
  CONFIG_COMMANDS = 
  $ ./config.status 

on MacBook-Pro-de-Wesley.local

config.status:723: creating ./Makefile
config.status:723: creating ./doxygen.conf
config.status:723: creating ./libserial.spec
config.status:723: creating ./doc/UML/Makefile
config.status:723: creating ./doc/Makefile
config.status:723: creating ./examples/Makefile
config.status:723: creating ./src/Makefile
config.status:827: creating config.h
config.status:1119: executing depfiles commands

## ---------------- ##
## Cache variables. ##
## ---------------- ##

ac_cv_build=i386-apple-darwin13.4.0
ac_cv_build_alias=i386-apple-darwin13.4.0
ac_cv_c_compiler_gnu=yes
ac_cv_c_const=yes
ac_cv_c_inline=inline
ac_cv_cxx_compiler_gnu=yes
ac_cv_env_CC_set=
ac_cv_env_CC_value=
ac_cv_env_CFLAGS_set=set
ac_cv_env_CFLAGS_value='-arch x86_64'
ac_cv_env_CPPFLAGS_set=
ac_cv_env_CPPFLAGS_value=
ac_cv_env_CPP_set=
ac_cv_env_CPP_value=
ac_cv_env_CXXCPP_set=
ac_cv_env_CXXCPP_value=
ac_cv_env_CXXFLAGS_set=
ac_cv_env_CXXFLAGS_value=
ac_cv_env_CXX_set=
ac_cv_env_CXX_value=
ac_cv_env_F77_set=
ac_cv_env_F77_value=
ac_cv_env_FFLAGS_set=
ac_cv_env_FFLAGS_value=
ac_cv_env_LDFLAGS_set=
ac_cv_env_LDFLAGS_value=
ac_cv_env_build_alias_set=
ac_cv_env_build_alias_value=
ac_cv_env_host_alias_set=
ac_cv_env_host_alias_value=
ac_cv_env_target_alias_set=
ac_cv_env_target_alias_value=
ac_cv_exeext=
ac_cv_f77_compiler_gnu=no
ac_cv_header_dlfcn_h=yes
ac_cv_header_fcntl_h=yes
ac_cv_header_inttypes_h=yes
ac_cv_header_memory_h=yes
ac_cv_header_stdc=yes
ac_cv_header_stdint_h=yes
ac_cv_header_stdlib_h=yes
ac_cv_header_string_h=yes
ac_cv_header_strings_h=yes
ac_cv_header_sys_stat_h=yes
ac_cv_header_sys_types_h=yes
ac_cv_header_unistd_h=yes
ac_cv_host=i386-apple-darwin13.4.0
ac_cv_host_alias=i386-apple-darwin13.4.0
ac_cv_objext=o
ac_cv_path_install='/usr/bin/install -c'
ac_cv_prog_AWK=awk
ac_cv_prog_CPP='gcc -E'
ac_cv_prog_CXXCPP='g++ -E'
ac_cv_prog_ac_ct_AR=ar
ac_cv_prog_ac_ct_CC=gcc
ac_cv_prog_ac_ct_CXX=g++
ac_cv_prog_ac_ct_F77=gfortran
ac_cv_prog_ac_ct_RANLIB=ranlib
ac_cv_prog_ac_ct_STRIP=strip
ac_cv_prog_cc_g=yes
ac_cv_prog_cc_stdc=
ac_cv_prog_cxx_g=yes
ac_cv_prog_egrep='grep -E'
ac_cv_prog_f77_g=no
ac_cv_prog_make_make_set=yes
am_cv_CC_dependencies_compiler_type=gcc3
am_cv_CXX_dependencies_compiler_type=gcc3
lt_cv_deplibs_check_method=pass_all
lt_cv_file_magic_cmd='$MAGIC_CMD'
lt_cv_file_magic_test_file=
lt_cv_ld_reload_flag=-r
lt_cv_objdir=.libs
lt_cv_path_LD=/Applications/Xcode.app/Contents/Developer/Toolchains/XcodeDefault.xctoolchain/usr/bin/ld
lt_cv_path_LDCXX=/Applications/Xcode.app/Contents/Developer/Toolchains/XcodeDefault.xctoolchain/usr/bin/ld
lt_cv_path_NM=/usr/bin/nm
lt_cv_path_SED=/usr/bin/sed
lt_cv_prog_compiler_c_o=yes
lt_cv_prog_compiler_c_o_CXX=yes
lt_cv_prog_compiler_c_o_F77=no
lt_cv_prog_compiler_rtti_exceptions=yes
lt_cv_prog_gnu_ld=no
lt_cv_prog_gnu_ldcxx=no
lt_cv_sys_global_symbol_pipe='sed -n -e '\''s/^.*[ 	]\([BCDEGRST][BCDEGRST]*\)[ 	][ 	]*_\([_A-Za-z][_A-Za-z0-9]*\)$/\1 _\2 \2/p'\'''
lt_cv_sys_global_symbol_to_c_name_address='sed -n -e '\''s/^: \([^ ]*\) $/  {\"\1\", (lt_ptr) 0},/p'\'' -e '\''s/^[BCDEGRST] \([^ ]*\) \([^ ]*\)$/  {"\2", (lt_ptr) \&\2},/p'\'''
lt_cv_sys_global_symbol_to_cdecl='sed -n -e '\''s/^. .* \(.*\)$/extern int \1;/p'\'''
lt_cv_sys_max_cmd_len=196608
lt_lt_cv_prog_compiler_c_o='"yes"'
lt_lt_cv_prog_compiler_c_o_CXX='"yes"'
lt_lt_cv_prog_compiler_c_o_F77='"no"'
lt_lt_cv_sys_global_symbol_pipe='"sed -n -e '\''s/^.*[ 	]\\([BCDEGRST][BCDEGRST]*\\)[ 	][ 	]*_\\([_A-Za-z][_A-Za-z0-9]*\\)\$/\\1 _\\2 \\2/p'\''"'
lt_lt_cv_sys_global_symbol_to_c_name_address='"sed -n -e '\''s/^: \\([^ ]*\\) \$/  {\\\"\\1\\\", (lt_ptr) 0},/p'\'' -e '\''s/^[BCDEGRST] \\([^ ]*\\) \\([^ ]*\\)\$/  {\"\\2\", (lt_ptr) \\&\\2},/p'\''"'
lt_lt_cv_sys_global_symbol_to_cdecl='"sed -n -e '\''s/^. .* \\(.*\\)\$/extern int \\1;/p'\''"'

## ----------------- ##
## Output variables. ##
## ----------------- ##

ACLOCAL='${SHELL} /Users/wesleyide/workspace-eclipse-c/cbr-vsss/src/libserial-0.5.2/missing --run aclocal-1.9'
AMDEPBACKSLASH='\'
AMDEP_FALSE='#'
AMDEP_TRUE=''
AMTAR='${SHELL} /Users/wesleyide/workspace-eclipse-c/cbr-vsss/src/libserial-0.5.2/missing --run tar'
AR='ar'
AUTOCONF='${SHELL} /Users/wesleyide/workspace-eclipse-c/cbr-vsss/src/libserial-0.5.2/missing --run autoconf'
AUTOHEADER='${SHELL} /Users/wesleyide/workspace-eclipse-c/cbr-vsss/src/libserial-0.5.2/missing --run autoheader'
AUTOMAKE='${SHELL} /Users/wesleyide/workspace-eclipse-c/cbr-vsss/src/libserial-0.5.2/missing --run automake-1.9'
AWK='awk'
CC='gcc'
CCDEPMODE='depmode=gcc3'
CFLAGS='-arch x86_64'
CPP='gcc -E'
CPPFLAGS=''
CXX='g++'
CXXCPP='g++ -E'
CXXDEPMODE='depmode=gcc3'
CXXFLAGS='-g -O2'
CYGPATH_W='echo'
DEFS='-DHAVE_CONFIG_H'
DEPDIR='.deps'
ECHO='/bin/echo'
ECHO_C='ECHO_N=''
ECHO_T=''
EGREP='grep -E'
EXEEXT=''
F77='gfortran'
FFLAGS=''
INSTALL_DATA='${INSTALL} -m 644'
INSTALL_PROGRAM='${INSTALL}'
INSTALL_SCRIPT='${INSTALL}'
INSTALL_STRIP_PROGRAM='${SHELL} $(install_sh) -c -s'
LDFLAGS=''
LIBOBJS=''
LIBS=''
LIBTOOL='$(SHELL) $(top_builddir)/libtool'
LN_S='ln -s'
LTLIBOBJS=''
MAINT='#'
MAINTAINER_MODE_FALSE=''
MAINTAINER_MODE_TRUE='#'
MAKEINFO='${SHELL} /Users/wesleyide/workspace-eclipse-c/cbr-vsss/src/libserial-0.5.2/missing --run makeinfo'
OBJEXT='o'
PACKAGE='libserial'
PACKAGE_BUGREPORT=''
PACKAGE_NAME=''
PACKAGE_STRING=''
PACKAGE_TARNAME=''
PACKAGE_VERSION=''
PATH_SEPARATOR=':'
RANLIB='ranlib'
SET_MAKE=''
SHELL='/bin/sh'
STRIP='strip'
VERSION='0.5.2'
ac_ct_AR='ar'
ac_ct_CC='gcc'
ac_ct_CXX='g++'
ac_ct_F77='gfortran'
ac_ct_RANLIB='ranlib'
ac_ct_STRIP='strip'
am__fastdepCC_FALSE='#'
am__fastdepCC_TRUE=''
am__fastdepCXX_FALSE='#'
am__fastdepCXX_TRUE=''
am__include='include'
am__leading_dot='.'
am__quote=''
am__tar='${AMTAR} chof - "$$tardir"'
am__untar='${AMTAR} xf -'
bindir='${exec_prefix}/bin'
build='i386-apple-darwin13.4.0'
build_alias=''
build_cpu='i386'
build_os='darwin13.4.0'
build_vendor='apple'
datadir='${prefix}/share'
exec_prefix='${prefix}'
host='i386-apple-darwin13.4.0'
host_alias=''
host_cpu='i386'
host_os='darwin13.4.0'
host_vendor='apple'
includedir='${prefix}/include'
infodir='${prefix}/info'
install_sh='/Users/wesleyide/workspace-eclipse-c/cbr-vsss/src/libserial-0.5.2/install-sh'
libdir='${exec_prefix}/lib'
libexecdir='${exec_prefix}/libexec'
localstatedir='${prefix}/var'
mandir='${prefix}/man'
mkdir_p='$(install_sh) -d'
oldincludedir='/usr/include'
prefix='/usr/local'
program_transform_name='s,x,x,'
sbindir='${exec_prefix}/sbin'
sharedstatedir='${prefix}/com'
sysconfdir='${prefix}/etc'
target_alias=''

## ----------- ##
## confdefs.h. ##
## ----------- ##

#define HAVE_DLFCN_H 1
#define HAVE_FCNTL_H 1
#define HAVE_INTTYPES_H 1
#define HAVE_MEMORY_H 1
#define HAVE_STDINT_H 1
#define HAVE_STDLIB_H 1
#define HAVE_STRINGS_H 1
#define HAVE_STRING_H 1
#define HAVE_SYS_STAT_H 1
#define HAVE_SYS_TYPES_H 1
#define HAVE_UNISTD_H 1
#define HAVE_UNISTD_H 1
#define PACKAGE "libserial"
#define PACKAGE_BUGREPORT ""
#define PACKAGE_NAME ""
#define PACKAGE_STRING ""
#define PACKAGE_TARNAME ""
#define PACKAGE_VERSION ""
#define STDC_HEADERS 1
#define VERSION "0.5.2"
#endif
#ifdef __cplusplus
extern "C" void exit (int) throw ();

configure: exit 0
